DEBUG: cli.knack.cli: Command arguments: ['deployment', 'group', 'validate', '--resource-group', 'devops-rg', '--template-file', '/Users/nisha/Desktop/new/storageapp.json', '--parameters', '@/Users/nisha/Desktop/new/storageapp.parameters.json', '--debug']
DEBUG: cli.knack.cli: __init__ debug log:
Cannot enable color.
DEBUG: cli.knack.cli: Event: Cli.PreExecute []
DEBUG: cli.knack.cli: Event: CommandParser.OnGlobalArgumentsCreate [<function CLILogging.on_global_arguments at 0x100edccc0>, <function OutputProducer.on_global_arguments at 0x1016deb60>, <function CLIQuery.on_global_arguments at 0x101720f40>]
DEBUG: cli.azure.cli.core.util: attempting to read file /Users/nisha/Desktop/new/storageapp.parameters.json as utf-8-sig
DEBUG: cli.knack.cli: Event: CommandInvoker.OnPreCommandTableCreate []
DEBUG: cli.azure.cli.core: Modules found from index for 'deployment': ['azure.cli.command_modules.resource']
DEBUG: cli.azure.cli.core: Loading command modules:
DEBUG: cli.azure.cli.core: Name                  Load Time    Groups  Commands
DEBUG: cli.azure.cli.core: resource                  0.107        52       234
DEBUG: cli.azure.cli.core: Total (1)                 0.107        52       234
DEBUG: cli.azure.cli.core: These extensions are not installed and will be skipped: ['azext_ai_examples', 'azext_next']
DEBUG: cli.azure.cli.core: Loading extensions:
DEBUG: cli.azure.cli.core: Name                  Load Time    Groups  Commands  Directory
DEBUG: cli.azure.cli.core: Total (0)                 0.000         0         0  
DEBUG: cli.azure.cli.core: Loaded 52 groups, 234 commands.
DEBUG: cli.azure.cli.core: Found a match in the command table.
DEBUG: cli.azure.cli.core: Raw command  : deployment group validate
DEBUG: cli.azure.cli.core: Command table: deployment group validate
DEBUG: cli.knack.cli: Event: CommandInvoker.OnPreCommandTableTruncate [<function AzCliLogging.init_command_file_logging at 0x102516ac0>]
DEBUG: cli.azure.cli.core.azlogging: metadata file logging enabled - writing logs to '/Users/nisha/.azure/commands/2025-09-24.21-59-35.deployment_group_validate.3072.log'.
INFO: az_command_data_logger: command args: deployment group validate --resource-group {} --template-file {} --parameters {} --debug
DEBUG: cli.knack.cli: Event: CommandInvoker.OnPreArgumentLoad [<function register_global_subscription_argument.<locals>.add_subscription_parameter at 0x102570400>]
DEBUG: cli.knack.cli: Event: CommandInvoker.OnPostArgumentLoad []
DEBUG: cli.knack.cli: Event: CommandInvoker.OnPostCommandTableCreate [<function register_ids_argument.<locals>.add_ids_arguments at 0x102572700>, <function register_cache_arguments.<locals>.add_cache_arguments at 0x1025728e0>, <function register_upcoming_breaking_change_info.<locals>.update_breaking_change_info at 0x102572980>]
DEBUG: cli.knack.cli: Event: CommandInvoker.OnCommandTableLoaded []
DEBUG: cli.knack.cli: Event: CommandInvoker.OnPreParseArgs []
DEBUG: cli.knack.cli: Event: CommandInvoker.OnPostParseArgs [<function OutputProducer.handle_output_argument at 0x1016dec00>, <function CLIQuery.handle_query_parameter at 0x101720fe0>, <function register_ids_argument.<locals>.parse_ids_arguments at 0x1025727a0>]
DEBUG: cli.azure.cli.core.util: attempting to read file /Users/nisha/Desktop/new/storageapp.json as utf-8-sig
DEBUG: cli.azure.cli.core.commands.client_factory: Getting management service client client_type=DeploymentsMgmtClient
DEBUG: cli.azure.cli.core.auth.persistence: build_persistence: location='/Users/nisha/.azure/msal_token_cache.json', encrypt=False
DEBUG: cli.azure.cli.core.auth.binary_cache: load: /Users/nisha/.azure/msal_http_cache.bin
DEBUG: urllib3.util.retry: Converted retries value: 1 -> Retry(total=1, connect=None, read=None, redirect=None, status=None)
DEBUG: msal.authority: Initializing with Entra authority: https://login.microsoftonline.com/cd403d4c-8773-4b0a-ac76-724d21e2736c
DEBUG: msal.authority: openid_config("https://login.microsoftonline.com/cd403d4c-8773-4b0a-ac76-724d21e2736c/v2.0/.well-known/openid-configuration") = {'token_endpoint': 'https://login.microsoftonline.com/cd403d4c-8773-4b0a-ac76-724d21e2736c/oauth2/v2.0/token', 'token_endpoint_auth_methods_supported': ['client_secret_post', 'private_key_jwt', 'client_secret_basic'], 'jwks_uri': 'https://login.microsoftonline.com/cd403d4c-8773-4b0a-ac76-724d21e2736c/discovery/v2.0/keys', 'response_modes_supported': ['query', 'fragment', 'form_post'], 'subject_types_supported': ['pairwise'], 'id_token_signing_alg_values_supported': ['RS256'], 'response_types_supported': ['code', 'id_token', 'code id_token', 'id_token token'], 'scopes_supported': ['openid', 'profile', 'email', 'offline_access'], 'issuer': 'https://login.microsoftonline.com/cd403d4c-8773-4b0a-ac76-724d21e2736c/v2.0', 'request_uri_parameter_supported': False, 'userinfo_endpoint': 'https://graph.microsoft.com/oidc/userinfo', 'authorization_endpoint': 'https://login.microsoftonline.com/cd403d4c-8773-4b0a-ac76-724d21e2736c/oauth2/v2.0/authorize', 'device_authorization_endpoint': 'https://login.microsoftonline.com/cd403d4c-8773-4b0a-ac76-724d21e2736c/oauth2/v2.0/devicecode', 'http_logout_supported': True, 'frontchannel_logout_supported': True, 'end_session_endpoint': 'https://login.microsoftonline.com/cd403d4c-8773-4b0a-ac76-724d21e2736c/oauth2/v2.0/logout', 'claims_supported': ['sub', 'iss', 'cloud_instance_name', 'cloud_instance_host_name', 'cloud_graph_host_name', 'msgraph_host', 'aud', 'exp', 'iat', 'auth_time', 'acr', 'nonce', 'preferred_username', 'name', 'tid', 'ver', 'at_hash', 'c_hash', 'email'], 'kerberos_endpoint': 'https://login.microsoftonline.com/cd403d4c-8773-4b0a-ac76-724d21e2736c/kerberos', 'tenant_region_scope': 'EU', 'cloud_instance_name': 'microsoftonline.com', 'cloud_graph_host_name': 'graph.windows.net', 'msgraph_host': 'graph.microsoft.com', 'rbac_url': 'https://pas.windows.net'}
DEBUG: msal.application: Broker enabled? None
DEBUG: cli.azure.cli.core.auth.credential_adaptor: CredentialAdaptor.get_token_info: scopes=('https://management.core.windows.net//.default',), options={}
DEBUG: cli.azure.cli.core.auth.msal_credentials: UserCredential.acquire_token: scopes=['https://management.core.windows.net//.default'], claims_challenge=None, kwargs={}
DEBUG: msal.application: Cache hit an AT
DEBUG: msal.telemetry: Generate or reuse correlation_id: 7e1c3ff0-d264-43d5-aea4-35990aa7ab2e
DEBUG: cli.azure.cli.core.sdk.policies: Request URL: 'https://management.azure.com/subscriptions/e9dd464c-e161-4186-a6cc-b6f99889559f/resourcegroups/devops-rg/providers/Microsoft.Resources/deployments/storageapp/validate?api-version=2025-04-01'
DEBUG: cli.azure.cli.core.sdk.policies: Request method: 'POST'
DEBUG: cli.azure.cli.core.sdk.policies: Request headers:
DEBUG: cli.azure.cli.core.sdk.policies:     'Content-Type': 'application/json'
DEBUG: cli.azure.cli.core.sdk.policies:     'Content-Length': '5598'
DEBUG: cli.azure.cli.core.sdk.policies:     'Accept': 'application/json'
DEBUG: cli.azure.cli.core.sdk.policies:     'x-ms-client-request-id': '6028bd40-9989-11f0-b8e0-1aa369f63341'
DEBUG: cli.azure.cli.core.sdk.policies:     'CommandName': 'deployment group validate'
DEBUG: cli.azure.cli.core.sdk.policies:     'ParameterSetName': '--resource-group --template-file --parameters --debug'
DEBUG: cli.azure.cli.core.sdk.policies:     'User-Agent': 'AZURECLI/2.77.0 (HOMEBREW) azsdk-python-core/1.35.0 Python/3.13.7 (macOS-15.4.1-arm64-arm-64bit-Mach-O)'
DEBUG: cli.azure.cli.core.sdk.policies:     'Authorization': '*****'
DEBUG: cli.azure.cli.core.sdk.policies: Request body:
DEBUG: cli.azure.cli.core.sdk.policies: {"properties": {"template": "{\n  \"$schema\": \"https://schema.management.azure.com/schemas/2019-04-01/deploymentTemplate.json#\",\n  \"contentVersion\": \"1.0.0.0\",\n  \"parameters\": {\n    \"storageAccountName\": {\n      \"type\": \"string\",\n      \"metadata\": { \"description\": \"storage account name\" },\n      \"minLength\": 3,\n      \"maxLength\": 24\n    },\n    \"location\": {\n      \"type\": \"string\",\n      \"defaultValue\": \"[resourceGroup().location]\"\n    },\n    \"appServicePlanName\": {\n      \"type\": \"string\"\n    },\n    \"webAppName\": {\n      \"type\": \"string\"\n    },\n    \"sqlAdminLogin\": {\n      \"type\": \"string\",\n      \"defaultValue\": \"sqladmin\"\n    },\n    \"sqlAdminPassword\": {\n      \"type\": \"secureString\"\n    },\n    \"sqlDbName\": {\n      \"type\": \"string\",\n      \"defaultValue\": \"appdb\"\n    }\n  },\n  \"variables\": {\n    \"sqlServerName\": \"[toLower(concat(parameters('webAppName'), 'sql', uniqueString(resourceGroup().id)))]\"\n  },\n  \"resources\": [\n    {\n      \"name\": \"[parameters('storageAccountName')]\",\n      \"type\": \"Microsoft.Storage/storageAccounts\",\n      \"apiVersion\": \"2023-05-01\",\n      \"tags\": { \"displayName\": \"aishastorageacc\" },\n      \"location\": \"[parameters('location')]\",\n      \"kind\": \"StorageV2\",\n      \"sku\": { \"name\": \"Standard_LRS\", \"tier\": \"Standard\" },\n      \"properties\": {}\n    },\n    {\n      \"name\": \"[parameters('appServicePlanName')]\",\n      \"type\": \"Microsoft.Web/serverfarms\",\n      \"apiVersion\": \"2022-03-01\",\n      \"location\": \"[parameters('location')]\",\n      \"sku\": { \"name\": \"F1\", \"tier\": \"Free\" },\n      \"properties\": { \"reserved\": false }\n    },\n    {\n      \"name\": \"[parameters('webAppName')]\",\n      \"type\": \"Microsoft.Web/sites\",\n      \"apiVersion\": \"2022-03-01\",\n      \"location\": \"[parameters('location')]\",\n      \"dependsOn\": [\n        \"[resourceId('Microsoft.Web/serverfarms', parameters('appServicePlanName'))]\"\n      ],\n      \"properties\": {\n        \"serverFarmId\": \"[resourceId('Microsoft.Web/serverfarms', parameters('appServicePlanName'))]\"\n      }\n    },\n    {\n      \"type\": \"Microsoft.Sql/servers\",\n      \"apiVersion\": \"2021-02-01-preview\",\n      \"name\": \"[variables('sqlServerName')]\",\n      \"location\": \"[parameters('location')]\",\n      \"properties\": {\n        \"administratorLogin\": \"[parameters('sqlAdminLogin')]\",\n        \"administratorLoginPassword\": \"[parameters('sqlAdminPassword')]\"\n      },\n      \"resources\": [\n        {\n          \"type\": \"databases\",\n          \"apiVersion\": \"2021-02-01-preview\",\n          \"name\": \"[parameters('sqlDbName')]\",\n          \"location\": \"[parameters('location')]\",\n          \"sku\": { \"name\": \"Basic\", \"tier\": \"Basic\", \"capacity\": 5 },\n          \"properties\": {}\n        },\n        {\n          \"type\": \"firewallRules\",\n          \"apiVersion\": \"2021-02-01-preview\",\n          \"name\": \"AllowAzureServices\",\n          \"dependsOn\": [],\n          \"properties\": { \"startIpAddress\": \"0.0.0.0\", \"endIpAddress\": \"0.0.0.0\" }\n        }\n      ]\n    },\n    {\n      \"type\": \"Microsoft.Web/sites/config\",\n      \"apiVersion\": \"2022-03-01\",\n      \"name\": \"[concat(parameters('webAppName'), '/web')]\",\n      \"dependsOn\": [\n        \"[resourceId('Microsoft.Web/sites', parameters('webAppName'))]\",\n        \"[resourceId('Microsoft.Storage/storageAccounts', parameters('storageAccountName'))]\",\n        \"[resourceId('Microsoft.Sql/servers', variables('sqlServerName'))]\"\n      ],\n      \"properties\": {\n        \"appSettings\": [\n          {\n            \"name\": \"WEBSITE_NODE_DEFAULT_VERSION\",\n            \"value\": \"16\"\n          },\n          {\n            \"name\": \"STORAGE_CONN_STRING\",\n            \"value\": \"[concat('DefaultEndpointsProtocol=https;AccountName=', parameters('storageAccountName'), ';AccountKey=', listKeys(resourceId('Microsoft.Storage/storageAccounts', parameters('storageAccountName')), '2023-05-01').keys[0].value, ';EndpointSuffix=core.windows.net')]\"\n          },\n          {\n            \"name\": \"SQL_CONN_STRING\",\n            \"value\": \"[concat('Server=tcp:', variables('sqlServerName'), '.database.windows.net,1433;Initial Catalog=', parameters('sqlDbName'), ';Persist Security Info=False;User ID=', parameters('sqlAdminLogin'), ';Password=', parameters('sqlAdminPassword'), ';MultipleActiveResultSets=False;Encrypt=True;TrustServerCertificate=False;Connection Timeout=30;')]\"\n          }\n        ]\n      }\n    }\n  ],\n  \"outputs\": {\n    \"storageAccountName\": { \"type\": \"string\", \"value\": \"[parameters('storageAccountName')]\" },\n    \"webAppName\": { \"type\": \"string\", \"value\": \"[parameters('webAppName')]\" },\n    \"webAppUrl\": { \"type\": \"string\", \"value\": \"[concat('https://', parameters('webAppName'), '.azurewebsites.net')]\" },\n    \"sqlServerName\": { \"type\": \"string\", \"value\": \"[variables('sqlServerName')]\" },\n    \"sqlDbName\": { \"type\": \"string\", \"value\": \"[parameters('sqlDbName')]\" }\n  }\n}\n\n", "parameters": {"storageAccountName": {"value": "aishastorageacc123"}, "location": {"value": "uksouth"}, "appServicePlanName": {"value": "aishaPlan"}, "webAppName": {"value": "aishawebapp123"}, "sqlAdminLogin": {"value": "sqladmin"}, "sqlAdminPassword": {"value": "YourStrongP@ssw0rd!"}, "sqlDbName": {"value": "appdb"}}, "mode": "Incremental"}}
DEBUG: cli.azure.cli.command_modules.resource.custom: HTTP content is being overwritten to preserve template whitepace accurately. The request body logging may not accurately represent this.
DEBUG: urllib3.connectionpool: Starting new HTTPS connection (1): management.azure.com:443
DEBUG: urllib3.connectionpool: https://management.azure.com:443 "POST /subscriptions/e9dd464c-e161-4186-a6cc-b6f99889559f/resourcegroups/devops-rg/providers/Microsoft.Resources/deployments/storageapp/validate?api-version=2025-04-01 HTTP/1.1" 400 740
DEBUG: cli.azure.cli.core.sdk.policies: Response status: 400
DEBUG: cli.azure.cli.core.sdk.policies: Response headers:
DEBUG: cli.azure.cli.core.sdk.policies:     'Cache-Control': 'no-cache'
DEBUG: cli.azure.cli.core.sdk.policies:     'Pragma': 'no-cache'
DEBUG: cli.azure.cli.core.sdk.policies:     'Content-Length': '740'
DEBUG: cli.azure.cli.core.sdk.policies:     'Content-Type': 'application/json; charset=utf-8'
DEBUG: cli.azure.cli.core.sdk.policies:     'Expires': '-1'
DEBUG: cli.azure.cli.core.sdk.policies:     'x-ms-failure-cause': 'gateway'
DEBUG: cli.azure.cli.core.sdk.policies:     'x-ms-ratelimit-remaining-subscription-writes': '199'
DEBUG: cli.azure.cli.core.sdk.policies:     'x-ms-ratelimit-remaining-subscription-global-writes': '2999'
DEBUG: cli.azure.cli.core.sdk.policies:     'x-ms-request-id': '8c3dac0f-3b43-4575-b0ab-ea3337cd46ab'
DEBUG: cli.azure.cli.core.sdk.policies:     'x-ms-correlation-request-id': '8c3dac0f-3b43-4575-b0ab-ea3337cd46ab'
DEBUG: cli.azure.cli.core.sdk.policies:     'x-ms-routing-request-id': 'UKSOUTH:20250924T205935Z:8c3dac0f-3b43-4575-b0ab-ea3337cd46ab'
DEBUG: cli.azure.cli.core.sdk.policies:     'Strict-Transport-Security': 'max-age=31536000; includeSubDomains'
DEBUG: cli.azure.cli.core.sdk.policies:     'X-Content-Type-Options': 'nosniff'
DEBUG: cli.azure.cli.core.sdk.policies:     'X-Cache': 'CONFIG_NOCACHE'
DEBUG: cli.azure.cli.core.sdk.policies:     'X-MSEdge-Ref': 'Ref A: 206D1BEE07A94BE58ABA501443FBF933 Ref B: AMS231032609045 Ref C: 2025-09-24T20:59:35Z'
DEBUG: cli.azure.cli.core.sdk.policies:     'Date': 'Wed, 24 Sep 2025 20:59:35 GMT'
DEBUG: cli.azure.cli.core.sdk.policies: Response content:
DEBUG: cli.azure.cli.core.sdk.policies: Body is streamable
DEBUG: cli.azure.cli.core.azclierror: Traceback (most recent call last):
  File "/opt/homebrew/Cellar/azure-cli/2.77.0/libexec/lib/python3.13/site-packages/azure/core/polling/base_polling.py", line 636, in initialize
    _raise_if_bad_http_status_and_method(self._initial_response.http_response)
    ~~~~~~~~~~~~~~~~~~~~~~~~~~~~~~~~~~~~^^^^^^^^^^^^^^^^^^^^^^^^^^^^^^^^^^^^^^
  File "/opt/homebrew/Cellar/azure-cli/2.77.0/libexec/lib/python3.13/site-packages/azure/core/polling/base_polling.py", line 156, in _raise_if_bad_http_status_and_method
    raise BadStatus("Invalid return status {!r} for {!r} operation".format(code, response.request.method))
azure.core.polling.base_polling.BadStatus: Invalid return status 400 for 'POST' operation

The above exception was the direct cause of the following exception:

Traceback (most recent call last):
  File "/opt/homebrew/Cellar/azure-cli/2.77.0/libexec/lib/python3.13/site-packages/azure/cli/command_modules/resource/custom.py", line 650, in _deploy_arm_template_at_resource_group
    validation_poller = mgmt_client.begin_validate(resource_group_name, deployment_name, deployment)
  File "/opt/homebrew/Cellar/azure-cli/2.77.0/libexec/lib/python3.13/site-packages/azure/core/tracing/decorator.py", line 119, in wrapper_use_tracer
    return func(*args, **kwargs)
  File "/opt/homebrew/Cellar/azure-cli/2.77.0/libexec/lib/python3.13/site-packages/azure/mgmt/resource/deployments/operations/_deployments_operations.py", line 5755, in begin_validate
    return LROPoller[_models.DeploymentValidateResult](
           ~~~~~~~~~~~~~~~~~~~~~~~~~~~~~~~~~~~~~~~~~~~^
        self._client, raw_result, get_long_running_output, polling_method  # type: ignore
        ^^^^^^^^^^^^^^^^^^^^^^^^^^^^^^^^^^^^^^^^^^^^^^^^^^^^^^^^^^^^^^^^^^^^^^^^^^^^^^^^^
    )
    ^
  File "/opt/homebrew/Cellar/python@3.13/3.13.7/Frameworks/Python.framework/Versions/3.13/lib/python3.13/typing.py", line 1317, in __call__
    result = self.__origin__(*args, **kwargs)
  File "/opt/homebrew/Cellar/azure-cli/2.77.0/libexec/lib/python3.13/site-packages/azure/core/polling/_poller.py", line 229, in __init__
    self._polling_method.initialize(client, initial_response, deserialization_callback)
    ~~~~~~~~~~~~~~~~~~~~~~~~~~~~~~~^^^^^^^^^^^^^^^^^^^^^^^^^^^^^^^^^^^^^^^^^^^^^^^^^^^^
  File "/opt/homebrew/Cellar/azure-cli/2.77.0/libexec/lib/python3.13/site-packages/azure/core/polling/base_polling.py", line 641, in initialize
    raise HttpResponseError(response=initial_response.http_response, error=err) from err
azure.core.exceptions.HttpResponseError: (InvalidTemplate) Deployment template validation failed: 'The resource '/subscriptions/e9dd464c-e161-4186-a6cc-b6f99889559f/resourceGroups/devops-rg/providers/Microsoft.Sql/servers/aishawebapp123sqlruzs2bco4pqo6/databases/appdb' at line '77' and column '9' doesn't depend on parent resource '/subscriptions/e9dd464c-e161-4186-a6cc-b6f99889559f/resourceGroups/devops-rg/providers/Microsoft.Sql/servers/aishawebapp123sqlruzs2bco4pqo6'. Please add dependency explicitly using the 'dependsOn' syntax. Please see https://aka.ms/arm-syntax-resources for usage details.'.
Code: InvalidTemplate
Message: Deployment template validation failed: 'The resource '/subscriptions/e9dd464c-e161-4186-a6cc-b6f99889559f/resourceGroups/devops-rg/providers/Microsoft.Sql/servers/aishawebapp123sqlruzs2bco4pqo6/databases/appdb' at line '77' and column '9' doesn't depend on parent resource '/subscriptions/e9dd464c-e161-4186-a6cc-b6f99889559f/resourceGroups/devops-rg/providers/Microsoft.Sql/servers/aishawebapp123sqlruzs2bco4pqo6'. Please add dependency explicitly using the 'dependsOn' syntax. Please see https://aka.ms/arm-syntax-resources for usage details.'.

During handling of the above exception, another exception occurred:

Traceback (most recent call last):
  File "/opt/homebrew/Cellar/azure-cli/2.77.0/libexec/lib/python3.13/site-packages/azure/cli/core/commands/__init__.py", line 703, in _run_job
    result = cmd_copy(params)
  File "/opt/homebrew/Cellar/azure-cli/2.77.0/libexec/lib/python3.13/site-packages/azure/cli/core/commands/__init__.py", line 336, in __call__
    return self.handler(*args, **kwargs)
           ~~~~~~~~~~~~^^^^^^^^^^^^^^^^^
  File "/opt/homebrew/Cellar/azure-cli/2.77.0/libexec/lib/python3.13/site-packages/azure/cli/core/commands/command_operation.py", line 120, in handler
    return op(**command_args)
  File "/opt/homebrew/Cellar/azure-cli/2.77.0/libexec/lib/python3.13/site-packages/azure/cli/command_modules/resource/custom.py", line 620, in validate_arm_template_at_resource_group
    return _deploy_arm_template_at_resource_group(cmd,
                                                  resource_group_name=resource_group_name,
    ...<3 lines>...
                                                  no_prompt=no_prompt, template_spec=template_spec, query_string=query_string,
                                                  validation_level=validation_level)
  File "/opt/homebrew/Cellar/azure-cli/2.77.0/libexec/lib/python3.13/site-packages/azure/cli/command_modules/resource/custom.py", line 652, in _deploy_arm_template_at_resource_group
    err_message = _build_http_response_error_message(err)
  File "/opt/homebrew/Cellar/azure-cli/2.77.0/libexec/lib/python3.13/site-packages/azure/cli/command_modules/resource/_utils.py", line 92, in _build_http_response_error_message
    error_txt = http_error.response.internal_response.text
                ^^^^^^^^^^^^^^^^^^^^^^^^^^^^^^^^^^^^^^^^^^
  File "/opt/homebrew/Cellar/azure-cli/2.77.0/libexec/lib/python3.13/site-packages/requests/models.py", line 926, in text
    if not self.content:
           ^^^^^^^^^^^^
  File "/opt/homebrew/Cellar/azure-cli/2.77.0/libexec/lib/python3.13/site-packages/requests/models.py", line 897, in content
    raise RuntimeError("The content for this response was already consumed")
RuntimeError: The content for this response was already consumed

During handling of the above exception, another exception occurred:

Traceback (most recent call last):
  File "/opt/homebrew/Cellar/azure-cli/2.77.0/libexec/lib/python3.13/site-packages/azure/cli/core/commands/arm.py", line 109, in handle_template_based_exception
    raise CLIError(ex.inner_exception.error.message)
                   ^^^^^^^^^^^^^^^^^^
AttributeError: 'RuntimeError' object has no attribute 'inner_exception'

During handling of the above exception, another exception occurred:

Traceback (most recent call last):
  File "/opt/homebrew/Cellar/azure-cli/2.77.0/libexec/lib/python3.13/site-packages/knack/cli.py", line 233, in invoke
    cmd_result = self.invocation.execute(args)
  File "/opt/homebrew/Cellar/azure-cli/2.77.0/libexec/lib/python3.13/site-packages/azure/cli/core/commands/__init__.py", line 666, in execute
    raise ex
  File "/opt/homebrew/Cellar/azure-cli/2.77.0/libexec/lib/python3.13/site-packages/azure/cli/core/commands/__init__.py", line 734, in _run_jobs_serially
    results.append(self._run_job(expanded_arg, cmd_copy))
                   ~~~~~~~~~~~~~^^^^^^^^^^^^^^^^^^^^^^^^
  File "/opt/homebrew/Cellar/azure-cli/2.77.0/libexec/lib/python3.13/site-packages/azure/cli/core/commands/__init__.py", line 726, in _run_job
    return cmd_copy.exception_handler(ex)
           ~~~~~~~~~~~~~~~~~~~~~~~~~~^^^^
  File "/opt/homebrew/Cellar/azure-cli/2.77.0/libexec/lib/python3.13/site-packages/azure/cli/core/commands/arm.py", line 114, in handle_template_based_exception
    raise CLIError(ex)
knack.util.CLIError: The content for this response was already consumed

ERROR: cli.azure.cli.core.azclierror: The content for this response was already consumed
ERROR: az_command_data_logger: The content for this response was already consumed
DEBUG: cli.knack.cli: Event: Cli.PostExecute [<function AzCliLogging.deinit_cmd_metadata_logging at 0x102516d40>]
INFO: az_command_data_logger: exit code: 1
INFO: cli.__main__: Command ran in 0.937 seconds (init: 0.127, invoke: 0.810)
INFO: telemetry.main: Begin splitting cli events and extra events, total events: 1
INFO: telemetry.client: Accumulated 0 events. Flush the clients.
INFO: telemetry.main: Finish splitting cli events and extra events, cli events: 1
INFO: telemetry.save: Save telemetry record of length 4098 in cache file under /Users/nisha/.azure/telemetry/20250924215935979
INFO: telemetry.main: Begin creating telemetry upload process.
INFO: telemetry.process: Creating upload process: "/opt/homebrew/Cellar/azure-cli/2.77.0/libexec/bin/python /opt/homebrew/Cellar/azure-cli/2.77.0/libexec/lib/python3.13/site-packages/azure/cli/telemetry/__init__.py /Users/nisha/.azure /Users/nisha/.azure/telemetry/20250924215935979"
INFO: telemetry.process: Return from creating process 3080
INFO: telemetry.main: Finish creating telemetry upload process.
